<?xml version="1.0" encoding="UTF-8" ?>
<testsuites>
  <testsuite errors="0" failures="0" hostname="igor-Inspiron-5423" id="0" name="TekEventSpec" package="com.tekdays" skipped="0" tests="1" time="4.567" timestamp="2015-10-11T13:49:31">
      <properties />

      <testcase classname="com.tekdays.TekEventSpec" name="test toString" time="4.427" />

      <system-out><![CDATA[--Output from test toString--
]]></system-out>

      <system-err><![CDATA[--Output from test toString--
]]></system-err>

  </testsuite>
</testsuites>
